<?xml version="1.0" encoding="UTF-8"?>
<testsuite xmlns:xsi="http://www.w3.org/2001/XMLSchema-instance" xsi:noNamespaceSchemaLocation="https://maven.apache.org/surefire/maven-surefire-plugin/xsd/surefire-test-report.xsd" name="TestSuite" time="78.022" tests="12" errors="0" skipped="0" failures="4">
  <properties>
[...]
</properties>
  <testcase name="Employee_01_Add_New_Employee" classname="data.hrm.employee.Level_19_Fake_Data" time="24.249">
    <failure message="Expected condition failed: waiting for visibility of element located by By.xpath: //input[@id=&apos;firstNam&apos;] (tried for 5 second(s) with 500 milliseconds interval)" type="org.openqa.selenium.TimeoutException">org.openqa.selenium.TimeoutException: Expected condition failed: waiting for visibility of element located by By.xpath: //input[@id='firstNam'] (tried for 5 second(s) with 500 milliseconds interval)
	at data.hrm.employee.Level_19_Fake_Data.Employee_01_Add_New_Employee(Level_19_Fake_Data.java:84)
Caused by: org.openqa.selenium.NoSuchElementException: 
Unable to locate element: //input[@id='firstNam']
For documentation on this error, please visit: https://www.seleniumhq.org/exceptions/no_such_element.html
Build info: version: '3.141.59', revision: 'e82be7d358', time: '2018-11-14T08:17:03'
System info: host: 'DESKTOP-RCI0U7A', ip: '192.168.1.110', os.name: 'Windows 10', os.arch: 'amd64', os.version: '10.0', java.version: '1.8.0_261'
Driver info: org.openqa.selenium.firefox.FirefoxDriver
Capabilities {acceptInsecureCerts: true, browserName: firefox, browserVersion: 89.0.2, javascriptEnabled: true, moz:accessibilityChecks: false, moz:buildID: 20210622155641, moz:geckodriverVersion: 0.29.0, moz:headless: false, moz:processID: 8128, moz:profile: C:\Users\This PC\AppData\Lo..., moz:shutdownTimeout: 60000, moz:useNonSpecCompliantPointerOrigin: false, moz:webdriverClick: true, pageLoadStrategy: normal, platform: WINDOWS, platformName: WINDOWS, platformVersion: 10.0, setWindowRect: true, strictFileInteractability: false, timeouts: {implicit: 0, pageLoad: 300000, script: 30000}, unhandledPromptBehavior: dismiss and notify}
Session ID: 544b8467-7261-4911-8f96-5ae01fbee172
*** Element info: {Using=xpath, value=//input[@id='firstNam']}
	at data.hrm.employee.Level_19_Fake_Data.Employee_01_Add_New_Employee(Level_19_Fake_Data.java:84)
</failure>
    <system-out><![CDATA[[TestNGContentHandler] [WARN] It is strongly recommended to add "<!DOCTYPE suite SYSTEM "http://testng.org/testng-1.0.dtd" >" at the top of your file, otherwise TestNG may fail or not work as expected.
[INFO ] [2021-08-13 16:04:09,365] ---------- START delete file in folder ----------
[INFO ] [2021-08-13 16:04:09,366] ---------- END delete file in folder ----------
[INFO ] [2021-08-13 16:04:09,373] Pre-Condition - Step 01: Open Browser 'firefox' and navigate to 'https://opensource-demo.orangehrmlive.com'
[INFO ] [2021-08-13 16:04:16,565] Pre-Condition - Step 02: Login with Admin role
[INFO ] [2021-08-13 16:04:19,408] Add_New_01 - Step 01: Open Employee List page
[INFO ] [2021-08-13 16:04:22,898] Add_New_01 - Step 02: Click 'Add' button
[INFO ] [2021-08-13 16:04:23,619] Add_New_01 - Step 03: Enter valid information to 'First Name' textbox
]]></system-out>
    <system-err><![CDATA[SLF4J: Failed to load class "org.slf4j.impl.StaticLoggerBinder".
SLF4J: Defaulting to no-operation (NOP) logger implementation
SLF4J: See http://www.slf4j.org/codes.html#StaticLoggerBinder for further details.
1628845449935	geckodriver	INFO	Listening on 127.0.0.1:18161
1628845450546	mozrunner::runner	INFO	Running command: "C:\\Program Files\\Mozilla Firefox\\firefox.exe" "--marionette" "-foreground" "-no-remote" "-profile" "C:\\Users\\THISPC~1\\AppData\\Local\\Temp\\rust_mozprofileJEHANV"
1628845450805	Marionette	INFO	Marionette enabled
console.warn: SearchSettings: "get: No settings file exists, new profile?" (new NotFoundError("Could not open the file at C:\\Users\\This PC\\AppData\\Local\\Temp\\rust_mozprofileJEHANV\\search.json.mozlz4", (void 0)))
1628845452479	Marionette	INFO	Listening on port 52608
1628845452567	Marionette	WARN	TLS certificate errors will be ignored for this session
Aug 13, 2021 4:04:12 PM org.openqa.selenium.remote.ProtocolHandshake createSession
INFO: Detected dialect: W3C
1628845459944	Marionette	WARN	TimedPromise timed out after 500 ms: stacktrace:
TimedPromise/<@chrome://marionette/content/sync.js:237:19
TimedPromise@chrome://marionette/content/sync.js:222:10
interaction.flushEventLoop@chrome://marionette/content/interaction.js:431:10
webdriverClickElement@chrome://marionette/content/interaction.js:179:31
send@https://opensource-demo.orangehrmlive.com/webres_6051af48107ce6.31500353/js/jquery/jquery-3.4.1.min.js:2:81476
ajax@https://opensource-demo.orangehrmlive.com/webres_6051af48107ce6.31500353/js/jquery/jquery-3.4.1.min.js:2:77295
k._evalUrl@https://opensource-demo.orangehrmlive.com/webres_6051af48107ce6.31500353/js/jquery/jquery-3.4.1.min.js:2:79350
Ie@https://opensource-demo.orangehrmlive.com/webres_6051af48107ce6.31500353/js/jquery/jquery-3.4.1.min.js:2:48088
append@https://opensource-demo.orangehrmlive.com/webres_6051af48107ce6.31500353/js/jquery/jquery-3.4.1.min.js:2:49520
html/<@https://opensource-demo.orangehrmlive.com/webres_6051af48107ce6.31500353/js/jquery/jquery-3.4.1.min.js:2:50612
_@https://opensource-demo.orangehrmlive.com/webres_6051af48107ce6.31500353/js/jquery/jquery-3.4.1.min.js:2:31840
html@https://opensource-demo.orangehrmlive.com/webres_6051af48107ce6.31500353/js/jquery/jquery-3.4.1.min.js:2:50290
success@https://opensource-demo.orangehrmlive.com/index.php/dashboard:1253:36
c@https://opensource-demo.orangehrmlive.com/webres_6051af48107ce6.31500353/js/jquery/jquery-3.4.1.min.js:2:27742
fireWith@https://opensource-demo.orangehrmlive.com/webres_6051af48107ce6.31500353/js/jquery/jquery-3.4.1.min.js:2:28487
l@https://opensource-demo.orangehrmlive.com/webres_6051af48107ce6.31500353/js/jquery/jquery-3.4.1.min.js:2:78789
o/<@https://opensource-demo.orangehrmlive.com/webres_6051af48107ce6.31500353/js/jquery/jquery-3.4.1.min.js:2:81117
]]></system-err>
  </testcase>
  <testcase name="Employee_02_Upload_Avatar" classname="data.hrm.employee.Level_19_Fake_Data" time="42.503">
    <failure message="Expected condition failed: waiting for element to be clickable: By.xpath: //div[@id=&apos;mainMenu&apos;]//a[string()=&apos;My Info&apos;] (tried for 30 second(s) with 500 milliseconds interval)" type="org.openqa.selenium.TimeoutException">org.openqa.selenium.TimeoutException: Expected condition failed: waiting for element to be clickable: By.xpath: //div[@id='mainMenu']//a[string()='My Info'] (tried for 30 second(s) with 500 milliseconds interval)
	at data.hrm.employee.Level_19_Fake_Data.Employee_02_Upload_Avatar(Level_19_Fake_Data.java:140)
Caused by: org.openqa.selenium.NoSuchElementException: 
Unable to locate element: //div[@id='mainMenu']//a[string()='My Info']
For documentation on this error, please visit: https://www.seleniumhq.org/exceptions/no_such_element.html
Build info: version: '3.141.59', revision: 'e82be7d358', time: '2018-11-14T08:17:03'
System info: host: 'DESKTOP-RCI0U7A', ip: '192.168.1.110', os.name: 'Windows 10', os.arch: 'amd64', os.version: '10.0', java.version: '1.8.0_261'
Driver info: org.openqa.selenium.firefox.FirefoxDriver
Capabilities {acceptInsecureCerts: true, browserName: firefox, browserVersion: 89.0.2, javascriptEnabled: true, moz:accessibilityChecks: false, moz:buildID: 20210622155641, moz:geckodriverVersion: 0.29.0, moz:headless: false, moz:processID: 8128, moz:profile: C:\Users\This PC\AppData\Lo..., moz:shutdownTimeout: 60000, moz:useNonSpecCompliantPointerOrigin: false, moz:webdriverClick: true, pageLoadStrategy: normal, platform: WINDOWS, platformName: WINDOWS, platformVersion: 10.0, setWindowRect: true, strictFileInteractability: false, timeouts: {implicit: 0, pageLoad: 300000, script: 30000}, unhandledPromptBehavior: dismiss and notify}
Session ID: 544b8467-7261-4911-8f96-5ae01fbee172
*** Element info: {Using=xpath, value=//div[@id='mainMenu']//a[string()='My Info']}
	at data.hrm.employee.Level_19_Fake_Data.Employee_02_Upload_Avatar(Level_19_Fake_Data.java:140)
</failure>
    <system-out><![CDATA[[INFO ] [2021-08-13 16:04:43,656] Upload_Avatar_02 - Step 01: Login with Employee Role
[INFO ] [2021-08-13 16:04:45,642] Upload_Avatar_02 - Step 02: Open Personal Detail Page
]]></system-out>
  </testcase>
  <testcase name="Employee_03_Personal_Details" classname="data.hrm.employee.Level_19_Fake_Data" time="0.002">
    <failure type="java.lang.NullPointerException">java.lang.NullPointerException
	at data.hrm.employee.Level_19_Fake_Data.Employee_03_Personal_Details(Level_19_Fake_Data.java:164)
</failure>
    <system-out><![CDATA[[INFO ] [2021-08-13 16:05:26,161] Personal_Details_03 - Step 01: Open Personal Detail Page
]]></system-out>
  </testcase>
  <testcase name="Employee_04_Contact_Details" classname="data.hrm.employee.Level_19_Fake_Data" time="0.003">
    <failure type="java.lang.NullPointerException">java.lang.NullPointerException
	at data.hrm.employee.Level_19_Fake_Data.Employee_04_Contact_Details(Level_19_Fake_Data.java:240)
</failure>
    <system-out><![CDATA[[INFO ] [2021-08-13 16:05:26,162] Contact_Detaisl_04 - Step 01: Open 'Contact Details' tab at Side bar
]]></system-out>
  </testcase>
  <testcase name="Employee_05_Emergency_Contact" classname="data.hrm.employee.Level_19_Fake_Data" time="0"/>
  <testcase name="Employee_06_Assigned_Dependents" classname="data.hrm.employee.Level_19_Fake_Data" time="0"/>
  <testcase name="Employee_07_Assigned_Dependents" classname="data.hrm.employee.Level_19_Fake_Data" time="0"/>
  <testcase name="Employee_08_View_Salary" classname="data.hrm.employee.Level_19_Fake_Data" time="0"/>
  <testcase name="Employee_09_Assigned_Dependents" classname="data.hrm.employee.Level_19_Fake_Data" time="0"/>
  <testcase name="Employee_09_View_Tax" classname="data.hrm.employee.Level_19_Fake_Data" time="0"/>
  <testcase name="Employee_10_Qualifications" classname="data.hrm.employee.Level_19_Fake_Data" time="0"/>
  <testcase name="Employee_11_Search_Employees" classname="data.hrm.employee.Level_19_Fake_Data" time="0"/>
</testsuite>