<?xml version="1.0" encoding="UTF-8"?>
<testng-results skipped="0" failed="0" ignored="0" total="12" passed="12">
  <reporter-output>
    <line>
      <![CDATA[[INFO ] [2021-08-15 18:08:07,752] ---------- START delete file in folder ----------
<br>]]>
    </line>
    <line>
      <![CDATA[[INFO ] [2021-08-15 18:08:07,753] ---------- END delete file in folder ----------
<br>]]>
    </line>
    <line>
      <![CDATA[[INFO ] [2021-08-15 18:08:07,760] Pre-Condition - Step 01: Open Browser 'firefox' and navigate to 'https://opensource-demo.orangehrmlive.com'
<br>]]>
    </line>
    <line>
      <![CDATA[[INFO ] [2021-08-15 18:08:15,808] Pre-Condition - Step 02: Login with Admin role
<br>]]>
    </line>
    <line>
      <![CDATA[[INFO ] [2021-08-15 18:08:18,720] Add_New_01 - Step 01: Open Employee List page
<br>]]>
    </line>
    <line>
      <![CDATA[[INFO ] [2021-08-15 18:08:21,418] Add_New_01 - Step 02: Click 'Add' button
<br>]]>
    </line>
    <line>
      <![CDATA[[INFO ] [2021-08-15 18:08:22,149] Add_New_01 - Step 03: Enter valid information to 'First Name' textbox
<br>]]>
    </line>
    <line>
      <![CDATA[[INFO ] [2021-08-15 18:08:22,215] Add_New_01 - Step 04: Enter valid information to 'Last Name' textbox
<br>]]>
    </line>
    <line>
      <![CDATA[[INFO ] [2021-08-15 18:08:22,256] Add_New_01 - Step 05: Get value of Employee ID
<br>]]>
    </line>
    <line>
      <![CDATA[[INFO ] [2021-08-15 18:08:22,282] Add_New_01 - Step 06: Click to 'Create Login Details' checkbox
<br>]]>
    </line>
    <line>
      <![CDATA[[INFO ] [2021-08-15 18:08:22,524] Add_New_01 - Step 07: Enter valid info to 'User Name' textbox
<br>]]>
    </line>
    <line>
      <![CDATA[[INFO ] [2021-08-15 18:08:22,563] Add_New_01 - Step 08: Enter valid info to 'Password' textbox
<br>]]>
    </line>
    <line>
      <![CDATA[[INFO ] [2021-08-15 18:08:22,606] Add_New_01 - Step 09: Enter valid info to 'Confirm password' textbox
<br>]]>
    </line>
    <line>
      <![CDATA[[INFO ] [2021-08-15 18:08:22,643] Add_New_01 - Step 10: Select 'Enabled'value in 'Status' dropdown
<br>]]>
    </line>
    <line>
      <![CDATA[[INFO ] [2021-08-15 18:08:22,685] Add_New_01 - Step 11: Click to 'Save' button
<br>]]>
    </line>
    <line>
      <![CDATA[[INFO ] [2021-08-15 18:08:25,921] Add_New_01 - Step 12: Open Employee List page
<br>]]>
    </line>
    <line>
      <![CDATA[[INFO ] [2021-08-15 18:08:31,457] Add_New_01 - Step 13: Enter valid info to 'Employee Name' textbox
<br>]]>
    </line>
    <line>
      <![CDATA[[INFO ] [2021-08-15 18:08:31,462]  -------------------------- PASSED -------------------------- 
<br>]]>
    </line>
    <line>
      <![CDATA[[INFO ] [2021-08-15 18:08:31,506]  -------------------------- PASSED -------------------------- 
<br>]]>
    </line>
    <line>
      <![CDATA[[INFO ] [2021-08-15 18:08:31,507] Add_New_01 - Step 14: Click to 'Search' button
<br>]]>
    </line>
    <line>
      <![CDATA[[INFO ] [2021-08-15 18:08:32,471]  -------------------------- PASSED -------------------------- 
<br>]]>
    </line>
    <line>
      <![CDATA[[INFO ] [2021-08-15 18:08:32,471] Add_New_01 - Step 15: Verify Employee Information displayed at 'Result Table'
<br>]]>
    </line>
    <line>
      <![CDATA[[INFO ] [2021-08-15 18:08:32,505]  -------------------------- PASSED -------------------------- 
<br>]]>
    </line>
    <line>
      <![CDATA[[INFO ] [2021-08-15 18:08:32,531]  -------------------------- PASSED -------------------------- 
<br>]]>
    </line>
    <line>
      <![CDATA[[INFO ] [2021-08-15 18:08:32,561]  -------------------------- PASSED -------------------------- 
<br>]]>
    </line>
    <line>
      <![CDATA[[INFO ] [2021-08-15 18:08:32,564] Upload_Avatar_02 - Step 01: Login with Employee Role
<br>]]>
    </line>
    <line>
      <![CDATA[[INFO ] [2021-08-15 18:08:34,810] Upload_Avatar_02 - Step 02: Open Personal Detail Page
<br>]]>
    </line>
    <line>
      <![CDATA[[INFO ] [2021-08-15 18:08:35,925] Upload_Avatar_02 - Step 03: Click to Change Photo Image
<br>]]>
    </line>
    <line>
      <![CDATA[[INFO ] [2021-08-15 18:08:36,675] Upload_Avatar_02 - Step 04: Upload new Avatar Image
<br>]]>
    </line>
    <line>
      <![CDATA[[INFO ] [2021-08-15 18:08:36,689] Upload_Avatar_02 - Step 05: Click to Upload button
<br>]]>
    </line>
    <line>
      <![CDATA[[INFO ] [2021-08-15 18:08:37,985] Upload_Avatar_02 - Step 06: Verify success message is displayed
<br>]]>
    </line>
    <line>
      <![CDATA[[INFO ] [2021-08-15 18:08:38,015]  -------------------------- PASSED -------------------------- 
<br>]]>
    </line>
    <line>
      <![CDATA[[INFO ] [2021-08-15 18:08:38,015] Upload_Avatar_02 - Step 07: Verify new Avatar image is displayed
<br>]]>
    </line>
    <line>
      <![CDATA[[INFO ] [2021-08-15 18:08:38,047]  -------------------------- PASSED -------------------------- 
<br>]]>
    </line>
    <line>
      <![CDATA[[INFO ] [2021-08-15 18:08:38,048] Personal_Details_03 - Step 01: Open Personal Detail Page
<br>]]>
    </line>
    <line>
      <![CDATA[[INFO ] [2021-08-15 18:08:38,815] Personal_Details_03 - Step 02: Veiry all fields at 'Personal Detail' are disabled
<br>]]>
    </line>
    <line>
      <![CDATA[[INFO ] [2021-08-15 18:08:38,841]  -------------------------- PASSED -------------------------- 
<br>]]>
    </line>
    <line>
      <![CDATA[[INFO ] [2021-08-15 18:08:38,870]  -------------------------- PASSED -------------------------- 
<br>]]>
    </line>
    <line>
      <![CDATA[[INFO ] [2021-08-15 18:08:38,893]  -------------------------- PASSED -------------------------- 
<br>]]>
    </line>
    <line>
      <![CDATA[[INFO ] [2021-08-15 18:08:38,916]  -------------------------- PASSED -------------------------- 
<br>]]>
    </line>
    <line>
      <![CDATA[[INFO ] [2021-08-15 18:08:38,939]  -------------------------- PASSED -------------------------- 
<br>]]>
    </line>
    <line>
      <![CDATA[[INFO ] [2021-08-15 18:08:38,960]  -------------------------- PASSED -------------------------- 
<br>]]>
    </line>
    <line>
      <![CDATA[[INFO ] [2021-08-15 18:08:38,982]  -------------------------- PASSED -------------------------- 
<br>]]>
    </line>
    <line>
      <![CDATA[[INFO ] [2021-08-15 18:08:39,004]  -------------------------- PASSED -------------------------- 
<br>]]>
    </line>
    <line>
      <![CDATA[[INFO ] [2021-08-15 18:08:39,025]  -------------------------- PASSED -------------------------- 
<br>]]>
    </line>
    <line>
      <![CDATA[[INFO ] [2021-08-15 18:08:39,047]  -------------------------- PASSED -------------------------- 
<br>]]>
    </line>
    <line>
      <![CDATA[[INFO ] [2021-08-15 18:08:39,069]  -------------------------- PASSED -------------------------- 
<br>]]>
    </line>
    <line>
      <![CDATA[[INFO ] [2021-08-15 18:08:39,069] Personal_Details_03 - Step 03: Click to Edit button at 'Personal Detai' form
<br>]]>
    </line>
    <line>
      <![CDATA[[INFO ] [2021-08-15 18:08:39,306] Personal_Details_03 - Step 04: Verify 'Employee Id' textbox are disabled
<br>]]>
    </line>
    <line>
      <![CDATA[[INFO ] [2021-08-15 18:08:39,326]  -------------------------- PASSED -------------------------- 
<br>]]>
    </line>
    <line>
      <![CDATA[[INFO ] [2021-08-15 18:08:39,326] Personal_Details_03 - Step 05: Verify 'Driver's License Number' textbox are disabled
<br>]]>
    </line>
    <line>
      <![CDATA[[INFO ] [2021-08-15 18:08:39,347]  -------------------------- PASSED -------------------------- 
<br>]]>
    </line>
    <line>
      <![CDATA[[INFO ] [2021-08-15 18:08:39,347] Personal_Details_03 - Step 06: Verify 'SSN Number' textbox are disabled
<br>]]>
    </line>
    <line>
      <![CDATA[[INFO ] [2021-08-15 18:08:39,369]  -------------------------- PASSED -------------------------- 
<br>]]>
    </line>
    <line>
      <![CDATA[[INFO ] [2021-08-15 18:08:39,369] Personal_Details_03 - Step 07: Verify 'SIN Number' textbox are disabled
<br>]]>
    </line>
    <line>
      <![CDATA[[INFO ] [2021-08-15 18:08:39,390]  -------------------------- PASSED -------------------------- 
<br>]]>
    </line>
    <line>
      <![CDATA[[INFO ] [2021-08-15 18:08:39,390] Personal_Details_03 - Step 08: Verify 'Date of Birth' textbox are disabled
<br>]]>
    </line>
    <line>
      <![CDATA[[INFO ] [2021-08-15 18:08:39,415]  -------------------------- PASSED -------------------------- 
<br>]]>
    </line>
    <line>
      <![CDATA[[INFO ] [2021-08-15 18:08:39,415] Personal_Details_03 - Step 09: Enter new 'First Name'
<br>]]>
    </line>
    <line>
      <![CDATA[[INFO ] [2021-08-15 18:08:39,456] Personal_Details_03 - Step 10: Enter new 'Last Name'
<br>]]>
    </line>
    <line>
      <![CDATA[[INFO ] [2021-08-15 18:08:39,494] Personal_Details_03 - Step 11: Select new 'Gender'
<br>]]>
    </line>
    <line>
      <![CDATA[[INFO ] [2021-08-15 18:08:39,735] Personal_Details_03 - Step 12: Select new 'Marital Status'
<br>]]>
    </line>
    <line>
      <![CDATA[[INFO ] [2021-08-15 18:08:39,975] Personal_Details_03 - Step 13: Select new 'Nationality'
<br>]]>
    </line>
    <line>
      <![CDATA[[INFO ] [2021-08-15 18:08:40,221] Personal_Details_03 - Step 14: Click to 'Save' button at 'Personal Detail' form
<br>]]>
    </line>
    <line>
      <![CDATA[[INFO ] [2021-08-15 18:08:41,528] Personal_Details_03 - Step 15: Verify Success Message is displayed
<br>]]>
    </line>
    <line>
      <![CDATA[[INFO ] [2021-08-15 18:08:41,565]  -------------------------- PASSED -------------------------- 
<br>]]>
    </line>
    <line>
      <![CDATA[[INFO ] [2021-08-15 18:08:41,565] Personal_Details_03 - Step 16: Verify 'First Name' is updated
<br>]]>
    </line>
    <line>
      <![CDATA[[INFO ] [2021-08-15 18:08:41,590]  -------------------------- PASSED -------------------------- 
<br>]]>
    </line>
    <line>
      <![CDATA[[INFO ] [2021-08-15 18:08:41,590] Personal_Details_03 - Step 17: Verify 'Last Name' is updated
<br>]]>
    </line>
    <line>
      <![CDATA[[INFO ] [2021-08-15 18:08:41,614]  -------------------------- PASSED -------------------------- 
<br>]]>
    </line>
    <line>
      <![CDATA[[INFO ] [2021-08-15 18:08:41,614] Personal_Details_03 - Step 18: Verify 'Gender' is updated
<br>]]>
    </line>
    <line>
      <![CDATA[[INFO ] [2021-08-15 18:08:41,635]  -------------------------- PASSED -------------------------- 
<br>]]>
    </line>
    <line>
      <![CDATA[[INFO ] [2021-08-15 18:08:41,635] Personal_Details_03 - Step 19: Verify 'Marital Status' is updated
<br>]]>
    </line>
    <line>
      <![CDATA[[INFO ] [2021-08-15 18:08:41,677]  -------------------------- PASSED -------------------------- 
<br>]]>
    </line>
    <line>
      <![CDATA[[INFO ] [2021-08-15 18:08:41,677] Personal_Details_03 - Step 20: Verify 'Nationality' is updated
<br>]]>
    </line>
    <line>
      <![CDATA[[INFO ] [2021-08-15 18:08:42,029]  -------------------------- PASSED -------------------------- 
<br>]]>
    </line>
    <line>
      <![CDATA[[INFO ] [2021-08-15 18:08:42,029] Personal_Details_03 - Step 21: Verify 'Employee Id' is correct
<br>]]>
    </line>
    <line>
      <![CDATA[[INFO ] [2021-08-15 18:08:42,053]  -------------------------- PASSED -------------------------- 
<br>]]>
    </line>
    <line>
      <![CDATA[[INFO ] [2021-08-15 18:08:42,053] Contact_Detaisl_04 - Step 01: Open 'Contact Details' tab at Side bar
<br>]]>
    </line>
    <line>
      <![CDATA[[INFO ] [2021-08-15 18:08:43,285] Contact_Detaisl_04 - Step 02: Verify all fields at 'Contact Details' are disabled
<br>]]>
    </line>
    <line>
      <![CDATA[[INFO ] [2021-08-15 18:08:43,306]  -------------------------- PASSED -------------------------- 
<br>]]>
    </line>
    <line>
      <![CDATA[[INFO ] [2021-08-15 18:08:43,332]  -------------------------- PASSED -------------------------- 
<br>]]>
    </line>
    <line>
      <![CDATA[[INFO ] [2021-08-15 18:08:43,353]  -------------------------- PASSED -------------------------- 
<br>]]>
    </line>
    <line>
      <![CDATA[[INFO ] [2021-08-15 18:08:43,374]  -------------------------- PASSED -------------------------- 
<br>]]>
    </line>
    <line>
      <![CDATA[[INFO ] [2021-08-15 18:08:43,396]  -------------------------- PASSED -------------------------- 
<br>]]>
    </line>
    <line>
      <![CDATA[[INFO ] [2021-08-15 18:08:43,396] Contact_Detaisl_04 - Step 03: Click to 'Edit' button
<br>]]>
    </line>
    <line>
      <![CDATA[[INFO ] [2021-08-15 18:08:43,635] Contact_Detaisl_04 - Step 04: Enter 'Address Street 1' textbox
<br>]]>
    </line>
    <line>
      <![CDATA[[INFO ] [2021-08-15 18:08:43,669] Contact_Detaisl_04 - Step 05: Enter 'Address Street 2' textbox
<br>]]>
    </line>
    <line>
      <![CDATA[[INFO ] [2021-08-15 18:08:43,703] Contact_Detaisl_04 - Step 06: Enter 'City' textbox
<br>]]>
    </line>
    <line>
      <![CDATA[[INFO ] [2021-08-15 18:08:43,745] Contact_Detaisl_04 - Step 07: Select 'Country' in dropdown
<br>]]>
    </line>
    <line>
      <![CDATA[[INFO ] [2021-08-15 18:08:44,003] Contact_Detaisl_04 - Step 08: Enter 'Phone' textbox
<br>]]>
    </line>
    <line>
      <![CDATA[[INFO ] [2021-08-15 18:08:44,042] Contact_Detaisl_04 - Step 09: Click 'Save' button
<br>]]>
    </line>
    <line>
      <![CDATA[[INFO ] [2021-08-15 18:08:45,316] Contact_Detaisl_04 - Step 09: Verify 'Success Message' is displayed
<br>]]>
    </line>
    <line>
      <![CDATA[[INFO ] [2021-08-15 18:08:45,347]  -------------------------- PASSED -------------------------- 
<br>]]>
    </line>
    <line>
      <![CDATA[[INFO ] [2021-08-15 18:08:45,347] Contact_Detaisl_04 - Step 10: Verify 'Address Street 1' is updated
<br>]]>
    </line>
    <line>
      <![CDATA[[INFO ] [2021-08-15 18:08:45,372]  -------------------------- PASSED -------------------------- 
<br>]]>
    </line>
    <line>
      <![CDATA[[INFO ] [2021-08-15 18:08:45,372] Contact_Detaisl_04 - Step 11: Verify 'Address Street 2' is updated
<br>]]>
    </line>
    <line>
      <![CDATA[[INFO ] [2021-08-15 18:08:45,396]  -------------------------- PASSED -------------------------- 
<br>]]>
    </line>
    <line>
      <![CDATA[[INFO ] [2021-08-15 18:08:45,396] Contact_Detaisl_04 - Step 12: Verify 'City' is updated
<br>]]>
    </line>
    <line>
      <![CDATA[[INFO ] [2021-08-15 18:08:45,421]  -------------------------- PASSED -------------------------- 
<br>]]>
    </line>
    <line>
      <![CDATA[[INFO ] [2021-08-15 18:08:45,421] Contact_Detaisl_04 - Step 13: Verify 'Country' is updated
<br>]]>
    </line>
    <line>
      <![CDATA[[INFO ] [2021-08-15 18:08:45,844]  -------------------------- PASSED -------------------------- 
<br>]]>
    </line>
    <line>
      <![CDATA[[INFO ] [2021-08-15 18:08:45,844] Contact_Detaisl_04 - Step 14: Verify 'Phone' is updated
<br>]]>
    </line>
    <line>
      <![CDATA[[INFO ] [2021-08-15 18:08:45,869]  -------------------------- PASSED -------------------------- 
<br>]]>
    </line>
    <line>
      <![CDATA[[INFO ] [2021-08-15 18:08:45,871] Post-Condition: Close browser
<br>]]>
    </line>
  </reporter-output>
  <suite name="HRM" duration-ms="38690" started-at="2021-08-15T11:08:07Z" finished-at="2021-08-15T11:08:46Z">
    <groups>
    </groups>
    <test name="Run on FIREFOX" duration-ms="38690" started-at="2021-08-15T11:08:07Z" finished-at="2021-08-15T11:08:46Z">
      <class name="data.hrm.employee.Level_19_Fake_Data">
        <test-method status="PASS" signature="deleteAllFilesInReportNGScreenshot()[pri:0, instance:data.hrm.employee.Level_19_Fake_Data@5e853265]" name="deleteAllFilesInReportNGScreenshot" is-config="true" duration-ms="7" started-at="2021-08-15T11:08:07Z" finished-at="2021-08-15T11:08:07Z">
          <reporter-output>
            <line>
              <![CDATA[[INFO ] [2021-08-15 18:08:07,752] ---------- START delete file in folder ----------
<br>]]>
            </line>
            <line>
              <![CDATA[[INFO ] [2021-08-15 18:08:07,753] ---------- END delete file in folder ----------
<br>]]>
            </line>
          </reporter-output>
        </test-method> <!-- deleteAllFilesInReportNGScreenshot -->
        <test-method status="PASS" signature="beforClass(java.lang.String, java.lang.String)[pri:0, instance:data.hrm.employee.Level_19_Fake_Data@5e853265]" name="beforClass" is-config="true" duration-ms="10957" started-at="2021-08-15T11:08:07Z" finished-at="2021-08-15T11:08:18Z">
          <params>
            <param index="0">
              <value>
                <![CDATA[firefox]]>
              </value>
            </param>
            <param index="1">
              <value>
                <![CDATA[https://opensource-demo.orangehrmlive.com]]>
              </value>
            </param>
          </params>
          <reporter-output>
            <line>
              <![CDATA[[INFO ] [2021-08-15 18:08:07,760] Pre-Condition - Step 01: Open Browser 'firefox' and navigate to 'https://opensource-demo.orangehrmlive.com'
<br>]]>
            </line>
            <line>
              <![CDATA[[INFO ] [2021-08-15 18:08:15,808] Pre-Condition - Step 02: Login with Admin role
<br>]]>
            </line>
          </reporter-output>
        </test-method> <!-- beforClass -->
        <test-method status="PASS" signature="Employee_01_Add_New_Employee()[pri:0, instance:data.hrm.employee.Level_19_Fake_Data@5e853265]" name="Employee_01_Add_New_Employee" duration-ms="13843" started-at="2021-08-15T11:08:18Z" finished-at="2021-08-15T11:08:32Z">
          <reporter-output>
            <line>
              <![CDATA[[INFO ] [2021-08-15 18:08:18,720] Add_New_01 - Step 01: Open Employee List page
<br>]]>
            </line>
            <line>
              <![CDATA[[INFO ] [2021-08-15 18:08:21,418] Add_New_01 - Step 02: Click 'Add' button
<br>]]>
            </line>
            <line>
              <![CDATA[[INFO ] [2021-08-15 18:08:22,149] Add_New_01 - Step 03: Enter valid information to 'First Name' textbox
<br>]]>
            </line>
            <line>
              <![CDATA[[INFO ] [2021-08-15 18:08:22,215] Add_New_01 - Step 04: Enter valid information to 'Last Name' textbox
<br>]]>
            </line>
            <line>
              <![CDATA[[INFO ] [2021-08-15 18:08:22,256] Add_New_01 - Step 05: Get value of Employee ID
<br>]]>
            </line>
            <line>
              <![CDATA[[INFO ] [2021-08-15 18:08:22,282] Add_New_01 - Step 06: Click to 'Create Login Details' checkbox
<br>]]>
            </line>
            <line>
              <![CDATA[[INFO ] [2021-08-15 18:08:22,524] Add_New_01 - Step 07: Enter valid info to 'User Name' textbox
<br>]]>
            </line>
            <line>
              <![CDATA[[INFO ] [2021-08-15 18:08:22,563] Add_New_01 - Step 08: Enter valid info to 'Password' textbox
<br>]]>
            </line>
            <line>
              <![CDATA[[INFO ] [2021-08-15 18:08:22,606] Add_New_01 - Step 09: Enter valid info to 'Confirm password' textbox
<br>]]>
            </line>
            <line>
              <![CDATA[[INFO ] [2021-08-15 18:08:22,643] Add_New_01 - Step 10: Select 'Enabled'value in 'Status' dropdown
<br>]]>
            </line>
            <line>
              <![CDATA[[INFO ] [2021-08-15 18:08:22,685] Add_New_01 - Step 11: Click to 'Save' button
<br>]]>
            </line>
            <line>
              <![CDATA[[INFO ] [2021-08-15 18:08:25,921] Add_New_01 - Step 12: Open Employee List page
<br>]]>
            </line>
            <line>
              <![CDATA[[INFO ] [2021-08-15 18:08:31,457] Add_New_01 - Step 13: Enter valid info to 'Employee Name' textbox
<br>]]>
            </line>
            <line>
              <![CDATA[[INFO ] [2021-08-15 18:08:31,462]  -------------------------- PASSED -------------------------- 
<br>]]>
            </line>
            <line>
              <![CDATA[[INFO ] [2021-08-15 18:08:31,506]  -------------------------- PASSED -------------------------- 
<br>]]>
            </line>
            <line>
              <![CDATA[[INFO ] [2021-08-15 18:08:31,507] Add_New_01 - Step 14: Click to 'Search' button
<br>]]>
            </line>
            <line>
              <![CDATA[[INFO ] [2021-08-15 18:08:32,471]  -------------------------- PASSED -------------------------- 
<br>]]>
            </line>
            <line>
              <![CDATA[[INFO ] [2021-08-15 18:08:32,471] Add_New_01 - Step 15: Verify Employee Information displayed at 'Result Table'
<br>]]>
            </line>
            <line>
              <![CDATA[[INFO ] [2021-08-15 18:08:32,505]  -------------------------- PASSED -------------------------- 
<br>]]>
            </line>
            <line>
              <![CDATA[[INFO ] [2021-08-15 18:08:32,531]  -------------------------- PASSED -------------------------- 
<br>]]>
            </line>
            <line>
              <![CDATA[[INFO ] [2021-08-15 18:08:32,561]  -------------------------- PASSED -------------------------- 
<br>]]>
            </line>
          </reporter-output>
        </test-method> <!-- Employee_01_Add_New_Employee -->
        <test-method status="PASS" signature="Employee_02_Upload_Avatar()[pri:0, instance:data.hrm.employee.Level_19_Fake_Data@5e853265]" name="Employee_02_Upload_Avatar" duration-ms="5483" started-at="2021-08-15T11:08:32Z" finished-at="2021-08-15T11:08:38Z">
          <reporter-output>
            <line>
              <![CDATA[[INFO ] [2021-08-15 18:08:32,564] Upload_Avatar_02 - Step 01: Login with Employee Role
<br>]]>
            </line>
            <line>
              <![CDATA[[INFO ] [2021-08-15 18:08:34,810] Upload_Avatar_02 - Step 02: Open Personal Detail Page
<br>]]>
            </line>
            <line>
              <![CDATA[[INFO ] [2021-08-15 18:08:35,925] Upload_Avatar_02 - Step 03: Click to Change Photo Image
<br>]]>
            </line>
            <line>
              <![CDATA[[INFO ] [2021-08-15 18:08:36,675] Upload_Avatar_02 - Step 04: Upload new Avatar Image
<br>]]>
            </line>
            <line>
              <![CDATA[[INFO ] [2021-08-15 18:08:36,689] Upload_Avatar_02 - Step 05: Click to Upload button
<br>]]>
            </line>
            <line>
              <![CDATA[[INFO ] [2021-08-15 18:08:37,985] Upload_Avatar_02 - Step 06: Verify success message is displayed
<br>]]>
            </line>
            <line>
              <![CDATA[[INFO ] [2021-08-15 18:08:38,015]  -------------------------- PASSED -------------------------- 
<br>]]>
            </line>
            <line>
              <![CDATA[[INFO ] [2021-08-15 18:08:38,015] Upload_Avatar_02 - Step 07: Verify new Avatar image is displayed
<br>]]>
            </line>
            <line>
              <![CDATA[[INFO ] [2021-08-15 18:08:38,047]  -------------------------- PASSED -------------------------- 
<br>]]>
            </line>
          </reporter-output>
        </test-method> <!-- Employee_02_Upload_Avatar -->
        <test-method status="PASS" signature="Employee_03_Personal_Details()[pri:0, instance:data.hrm.employee.Level_19_Fake_Data@5e853265]" name="Employee_03_Personal_Details" duration-ms="4005" started-at="2021-08-15T11:08:38Z" finished-at="2021-08-15T11:08:42Z">
          <reporter-output>
            <line>
              <![CDATA[[INFO ] [2021-08-15 18:08:38,048] Personal_Details_03 - Step 01: Open Personal Detail Page
<br>]]>
            </line>
            <line>
              <![CDATA[[INFO ] [2021-08-15 18:08:38,815] Personal_Details_03 - Step 02: Veiry all fields at 'Personal Detail' are disabled
<br>]]>
            </line>
            <line>
              <![CDATA[[INFO ] [2021-08-15 18:08:38,841]  -------------------------- PASSED -------------------------- 
<br>]]>
            </line>
            <line>
              <![CDATA[[INFO ] [2021-08-15 18:08:38,870]  -------------------------- PASSED -------------------------- 
<br>]]>
            </line>
            <line>
              <![CDATA[[INFO ] [2021-08-15 18:08:38,893]  -------------------------- PASSED -------------------------- 
<br>]]>
            </line>
            <line>
              <![CDATA[[INFO ] [2021-08-15 18:08:38,916]  -------------------------- PASSED -------------------------- 
<br>]]>
            </line>
            <line>
              <![CDATA[[INFO ] [2021-08-15 18:08:38,939]  -------------------------- PASSED -------------------------- 
<br>]]>
            </line>
            <line>
              <![CDATA[[INFO ] [2021-08-15 18:08:38,960]  -------------------------- PASSED -------------------------- 
<br>]]>
            </line>
            <line>
              <![CDATA[[INFO ] [2021-08-15 18:08:38,982]  -------------------------- PASSED -------------------------- 
<br>]]>
            </line>
            <line>
              <![CDATA[[INFO ] [2021-08-15 18:08:39,004]  -------------------------- PASSED -------------------------- 
<br>]]>
            </line>
            <line>
              <![CDATA[[INFO ] [2021-08-15 18:08:39,025]  -------------------------- PASSED -------------------------- 
<br>]]>
            </line>
            <line>
              <![CDATA[[INFO ] [2021-08-15 18:08:39,047]  -------------------------- PASSED -------------------------- 
<br>]]>
            </line>
            <line>
              <![CDATA[[INFO ] [2021-08-15 18:08:39,069]  -------------------------- PASSED -------------------------- 
<br>]]>
            </line>
            <line>
              <![CDATA[[INFO ] [2021-08-15 18:08:39,069] Personal_Details_03 - Step 03: Click to Edit button at 'Personal Detai' form
<br>]]>
            </line>
            <line>
              <![CDATA[[INFO ] [2021-08-15 18:08:39,306] Personal_Details_03 - Step 04: Verify 'Employee Id' textbox are disabled
<br>]]>
            </line>
            <line>
              <![CDATA[[INFO ] [2021-08-15 18:08:39,326]  -------------------------- PASSED -------------------------- 
<br>]]>
            </line>
            <line>
              <![CDATA[[INFO ] [2021-08-15 18:08:39,326] Personal_Details_03 - Step 05: Verify 'Driver's License Number' textbox are disabled
<br>]]>
            </line>
            <line>
              <![CDATA[[INFO ] [2021-08-15 18:08:39,347]  -------------------------- PASSED -------------------------- 
<br>]]>
            </line>
            <line>
              <![CDATA[[INFO ] [2021-08-15 18:08:39,347] Personal_Details_03 - Step 06: Verify 'SSN Number' textbox are disabled
<br>]]>
            </line>
            <line>
              <![CDATA[[INFO ] [2021-08-15 18:08:39,369]  -------------------------- PASSED -------------------------- 
<br>]]>
            </line>
            <line>
              <![CDATA[[INFO ] [2021-08-15 18:08:39,369] Personal_Details_03 - Step 07: Verify 'SIN Number' textbox are disabled
<br>]]>
            </line>
            <line>
              <![CDATA[[INFO ] [2021-08-15 18:08:39,390]  -------------------------- PASSED -------------------------- 
<br>]]>
            </line>
            <line>
              <![CDATA[[INFO ] [2021-08-15 18:08:39,390] Personal_Details_03 - Step 08: Verify 'Date of Birth' textbox are disabled
<br>]]>
            </line>
            <line>
              <![CDATA[[INFO ] [2021-08-15 18:08:39,415]  -------------------------- PASSED -------------------------- 
<br>]]>
            </line>
            <line>
              <![CDATA[[INFO ] [2021-08-15 18:08:39,415] Personal_Details_03 - Step 09: Enter new 'First Name'
<br>]]>
            </line>
            <line>
              <![CDATA[[INFO ] [2021-08-15 18:08:39,456] Personal_Details_03 - Step 10: Enter new 'Last Name'
<br>]]>
            </line>
            <line>
              <![CDATA[[INFO ] [2021-08-15 18:08:39,494] Personal_Details_03 - Step 11: Select new 'Gender'
<br>]]>
            </line>
            <line>
              <![CDATA[[INFO ] [2021-08-15 18:08:39,735] Personal_Details_03 - Step 12: Select new 'Marital Status'
<br>]]>
            </line>
            <line>
              <![CDATA[[INFO ] [2021-08-15 18:08:39,975] Personal_Details_03 - Step 13: Select new 'Nationality'
<br>]]>
            </line>
            <line>
              <![CDATA[[INFO ] [2021-08-15 18:08:40,221] Personal_Details_03 - Step 14: Click to 'Save' button at 'Personal Detail' form
<br>]]>
            </line>
            <line>
              <![CDATA[[INFO ] [2021-08-15 18:08:41,528] Personal_Details_03 - Step 15: Verify Success Message is displayed
<br>]]>
            </line>
            <line>
              <![CDATA[[INFO ] [2021-08-15 18:08:41,565]  -------------------------- PASSED -------------------------- 
<br>]]>
            </line>
            <line>
              <![CDATA[[INFO ] [2021-08-15 18:08:41,565] Personal_Details_03 - Step 16: Verify 'First Name' is updated
<br>]]>
            </line>
            <line>
              <![CDATA[[INFO ] [2021-08-15 18:08:41,590]  -------------------------- PASSED -------------------------- 
<br>]]>
            </line>
            <line>
              <![CDATA[[INFO ] [2021-08-15 18:08:41,590] Personal_Details_03 - Step 17: Verify 'Last Name' is updated
<br>]]>
            </line>
            <line>
              <![CDATA[[INFO ] [2021-08-15 18:08:41,614]  -------------------------- PASSED -------------------------- 
<br>]]>
            </line>
            <line>
              <![CDATA[[INFO ] [2021-08-15 18:08:41,614] Personal_Details_03 - Step 18: Verify 'Gender' is updated
<br>]]>
            </line>
            <line>
              <![CDATA[[INFO ] [2021-08-15 18:08:41,635]  -------------------------- PASSED -------------------------- 
<br>]]>
            </line>
            <line>
              <![CDATA[[INFO ] [2021-08-15 18:08:41,635] Personal_Details_03 - Step 19: Verify 'Marital Status' is updated
<br>]]>
            </line>
            <line>
              <![CDATA[[INFO ] [2021-08-15 18:08:41,677]  -------------------------- PASSED -------------------------- 
<br>]]>
            </line>
            <line>
              <![CDATA[[INFO ] [2021-08-15 18:08:41,677] Personal_Details_03 - Step 20: Verify 'Nationality' is updated
<br>]]>
            </line>
            <line>
              <![CDATA[[INFO ] [2021-08-15 18:08:42,029]  -------------------------- PASSED -------------------------- 
<br>]]>
            </line>
            <line>
              <![CDATA[[INFO ] [2021-08-15 18:08:42,029] Personal_Details_03 - Step 21: Verify 'Employee Id' is correct
<br>]]>
            </line>
            <line>
              <![CDATA[[INFO ] [2021-08-15 18:08:42,053]  -------------------------- PASSED -------------------------- 
<br>]]>
            </line>
          </reporter-output>
        </test-method> <!-- Employee_03_Personal_Details -->
        <test-method status="PASS" signature="Employee_04_Contact_Details()[pri:0, instance:data.hrm.employee.Level_19_Fake_Data@5e853265]" name="Employee_04_Contact_Details" duration-ms="3816" started-at="2021-08-15T11:08:42Z" finished-at="2021-08-15T11:08:45Z">
          <reporter-output>
            <line>
              <![CDATA[[INFO ] [2021-08-15 18:08:42,053] Contact_Detaisl_04 - Step 01: Open 'Contact Details' tab at Side bar
<br>]]>
            </line>
            <line>
              <![CDATA[[INFO ] [2021-08-15 18:08:43,285] Contact_Detaisl_04 - Step 02: Verify all fields at 'Contact Details' are disabled
<br>]]>
            </line>
            <line>
              <![CDATA[[INFO ] [2021-08-15 18:08:43,306]  -------------------------- PASSED -------------------------- 
<br>]]>
            </line>
            <line>
              <![CDATA[[INFO ] [2021-08-15 18:08:43,332]  -------------------------- PASSED -------------------------- 
<br>]]>
            </line>
            <line>
              <![CDATA[[INFO ] [2021-08-15 18:08:43,353]  -------------------------- PASSED -------------------------- 
<br>]]>
            </line>
            <line>
              <![CDATA[[INFO ] [2021-08-15 18:08:43,374]  -------------------------- PASSED -------------------------- 
<br>]]>
            </line>
            <line>
              <![CDATA[[INFO ] [2021-08-15 18:08:43,396]  -------------------------- PASSED -------------------------- 
<br>]]>
            </line>
            <line>
              <![CDATA[[INFO ] [2021-08-15 18:08:43,396] Contact_Detaisl_04 - Step 03: Click to 'Edit' button
<br>]]>
            </line>
            <line>
              <![CDATA[[INFO ] [2021-08-15 18:08:43,635] Contact_Detaisl_04 - Step 04: Enter 'Address Street 1' textbox
<br>]]>
            </line>
            <line>
              <![CDATA[[INFO ] [2021-08-15 18:08:43,669] Contact_Detaisl_04 - Step 05: Enter 'Address Street 2' textbox
<br>]]>
            </line>
            <line>
              <![CDATA[[INFO ] [2021-08-15 18:08:43,703] Contact_Detaisl_04 - Step 06: Enter 'City' textbox
<br>]]>
            </line>
            <line>
              <![CDATA[[INFO ] [2021-08-15 18:08:43,745] Contact_Detaisl_04 - Step 07: Select 'Country' in dropdown
<br>]]>
            </line>
            <line>
              <![CDATA[[INFO ] [2021-08-15 18:08:44,003] Contact_Detaisl_04 - Step 08: Enter 'Phone' textbox
<br>]]>
            </line>
            <line>
              <![CDATA[[INFO ] [2021-08-15 18:08:44,042] Contact_Detaisl_04 - Step 09: Click 'Save' button
<br>]]>
            </line>
            <line>
              <![CDATA[[INFO ] [2021-08-15 18:08:45,316] Contact_Detaisl_04 - Step 09: Verify 'Success Message' is displayed
<br>]]>
            </line>
            <line>
              <![CDATA[[INFO ] [2021-08-15 18:08:45,347]  -------------------------- PASSED -------------------------- 
<br>]]>
            </line>
            <line>
              <![CDATA[[INFO ] [2021-08-15 18:08:45,347] Contact_Detaisl_04 - Step 10: Verify 'Address Street 1' is updated
<br>]]>
            </line>
            <line>
              <![CDATA[[INFO ] [2021-08-15 18:08:45,372]  -------------------------- PASSED -------------------------- 
<br>]]>
            </line>
            <line>
              <![CDATA[[INFO ] [2021-08-15 18:08:45,372] Contact_Detaisl_04 - Step 11: Verify 'Address Street 2' is updated
<br>]]>
            </line>
            <line>
              <![CDATA[[INFO ] [2021-08-15 18:08:45,396]  -------------------------- PASSED -------------------------- 
<br>]]>
            </line>
            <line>
              <![CDATA[[INFO ] [2021-08-15 18:08:45,396] Contact_Detaisl_04 - Step 12: Verify 'City' is updated
<br>]]>
            </line>
            <line>
              <![CDATA[[INFO ] [2021-08-15 18:08:45,421]  -------------------------- PASSED -------------------------- 
<br>]]>
            </line>
            <line>
              <![CDATA[[INFO ] [2021-08-15 18:08:45,421] Contact_Detaisl_04 - Step 13: Verify 'Country' is updated
<br>]]>
            </line>
            <line>
              <![CDATA[[INFO ] [2021-08-15 18:08:45,844]  -------------------------- PASSED -------------------------- 
<br>]]>
            </line>
            <line>
              <![CDATA[[INFO ] [2021-08-15 18:08:45,844] Contact_Detaisl_04 - Step 14: Verify 'Phone' is updated
<br>]]>
            </line>
            <line>
              <![CDATA[[INFO ] [2021-08-15 18:08:45,869]  -------------------------- PASSED -------------------------- 
<br>]]>
            </line>
          </reporter-output>
        </test-method> <!-- Employee_04_Contact_Details -->
        <test-method status="PASS" signature="Employee_06_Assigned_Dependents()[pri:0, instance:data.hrm.employee.Level_19_Fake_Data@5e853265]" name="Employee_06_Assigned_Dependents" duration-ms="0" started-at="2021-08-15T11:08:45Z" finished-at="2021-08-15T11:08:45Z">
          <reporter-output>
          </reporter-output>
        </test-method> <!-- Employee_06_Assigned_Dependents -->
        <test-method status="PASS" signature="Employee_07_Assigned_Dependents()[pri:0, instance:data.hrm.employee.Level_19_Fake_Data@5e853265]" name="Employee_07_Assigned_Dependents" duration-ms="1" started-at="2021-08-15T11:08:45Z" finished-at="2021-08-15T11:08:45Z">
          <reporter-output>
          </reporter-output>
        </test-method> <!-- Employee_07_Assigned_Dependents -->
        <test-method status="PASS" signature="Employee_05_Emergency_Contact()[pri:0, instance:data.hrm.employee.Level_19_Fake_Data@5e853265]" name="Employee_05_Emergency_Contact" duration-ms="0" started-at="2021-08-15T11:08:45Z" finished-at="2021-08-15T11:08:45Z">
          <reporter-output>
          </reporter-output>
        </test-method> <!-- Employee_05_Emergency_Contact -->
        <test-method status="PASS" signature="Employee_10_Qualifications()[pri:0, instance:data.hrm.employee.Level_19_Fake_Data@5e853265]" name="Employee_10_Qualifications" duration-ms="0" started-at="2021-08-15T11:08:45Z" finished-at="2021-08-15T11:08:45Z">
          <reporter-output>
          </reporter-output>
        </test-method> <!-- Employee_10_Qualifications -->
        <test-method status="PASS" signature="Employee_08_View_Salary()[pri:0, instance:data.hrm.employee.Level_19_Fake_Data@5e853265]" name="Employee_08_View_Salary" duration-ms="0" started-at="2021-08-15T11:08:45Z" finished-at="2021-08-15T11:08:45Z">
          <reporter-output>
          </reporter-output>
        </test-method> <!-- Employee_08_View_Salary -->
        <test-method status="PASS" signature="cleanBrowser()[pri:0, instance:data.hrm.employee.Level_19_Fake_Data@5e853265]" name="cleanBrowser" is-config="true" duration-ms="565" started-at="2021-08-15T11:08:45Z" finished-at="2021-08-15T11:08:46Z">
          <reporter-output>
            <line>
              <![CDATA[[INFO ] [2021-08-15 18:08:45,871] Post-Condition: Close browser
<br>]]>
            </line>
          </reporter-output>
        </test-method> <!-- cleanBrowser -->
        <test-method status="PASS" signature="Employee_09_Assigned_Dependents()[pri:0, instance:data.hrm.employee.Level_19_Fake_Data@5e853265]" name="Employee_09_Assigned_Dependents" duration-ms="0" started-at="2021-08-15T11:08:45Z" finished-at="2021-08-15T11:08:45Z">
          <reporter-output>
          </reporter-output>
        </test-method> <!-- Employee_09_Assigned_Dependents -->
        <test-method status="PASS" signature="Employee_11_Search_Employees()[pri:0, instance:data.hrm.employee.Level_19_Fake_Data@5e853265]" name="Employee_11_Search_Employees" duration-ms="0" started-at="2021-08-15T11:08:45Z" finished-at="2021-08-15T11:08:45Z">
          <reporter-output>
          </reporter-output>
        </test-method> <!-- Employee_11_Search_Employees -->
        <test-method status="PASS" signature="Employee_09_View_Tax()[pri:0, instance:data.hrm.employee.Level_19_Fake_Data@5e853265]" name="Employee_09_View_Tax" duration-ms="0" started-at="2021-08-15T11:08:45Z" finished-at="2021-08-15T11:08:45Z">
          <reporter-output>
          </reporter-output>
        </test-method> <!-- Employee_09_View_Tax -->
      </class> <!-- data.hrm.employee.Level_19_Fake_Data -->
    </test> <!-- Run on FIREFOX -->
  </suite> <!-- HRM -->
</testng-results>
